
> mb-strategy@0.1.0 build
> next build

▲ Next.js 16.1.6 (Turbopack)
- Environments: .env.local

  Creating an optimized production build ...
✓ Compiled successfully in 31.0s
  Running TypeScript ...
  Collecting page data using 3 workers ...
  Generating static pages using 3 workers (0/12) ...
  Generating static pages using 3 workers (3/12) 
  Generating static pages using 3 workers (6/12) 
  Generating static pages using 3 workers (9/12) 
✓ Generating static pages using 3 workers (12/12) in 2.5s
  Finalizing page optimization ...

Route (app)
┌ ○ /
├ ○ /_not-found
├ ○ /about
├ ƒ /api/contact
├ ○ /contact
├ ○ /pricing
├ ○ /services
├ ○ /services/email-marketing
├ ○ /services/seo-optimisation
└ ○ /services/social-media


○  (Static)   prerendered as static content
ƒ  (Dynamic)  server-rendered on demand

